Bind: Socket operation on non-socket
Mon Jan 14 10:00:04 2019
: Socket operation on non-socket
Mon Jan 14 10:01:50 2019
: Socket operation on non-socket
Mon Jan 14 10:01:51 2019
: Socket operation on non-socket
Mon Jan 14 10:01:52 2019
: Socket operation on non-socket
Mon Jan 14 10:05:04 2019: Socket operation on non-socket
Mon Jan 14 10:05:08 2019: Socket operation on non-socket
Mon Jan 14 10:05:13 2019: Socket operation on non-socket
Mon Jan 14 10:50:55 2019: No such file or directory
Mon Jan 14 10:51:05 2019: No such file or directory
Mon Jan 14 10:51:33 2019: No such file or directory
Mon Jan 14 10:51:38 2019: No such file or directory
Mon Jan 14 10:52:22 2019: No such file or directory
Mon Jan 14 10:53:27 2019: No such file or directory
Mon Jan 14 10:53:30 2019: No such file or directory
Mon Jan 14 10:53:52 2019: No such file or directory
Mon Jan 14 10:55:25 2019: Operation not permitted
Mon Jan 14 10:55:51 2019: Operation not permitted
Mon Jan 14 10:55:59 2019: Operation not permitted
Mon Jan 14 10:57:54 2019: Operation not permitted
Mon Jan 14 10:57:54 2019: No such file or directory
Mon Jan 14 10:59:16 2019: Operation not permitted
